<?xml version="1.0" encoding="UTF-8"?>
<!-- Generated by org.testng.reporters.JUnitReportReporter -->
<testsuite skipped="0" hostname="LAPTOP-I4KMK004" name="objpckge.Stalelmntexcptn" tests="1" failures="0" timestamp="27 Apr 2020 06:05:22 GMT" time="14.529" errors="0">
  <testcase name="loginTest" time="14.529" classname="objpckge.Stalelmntexcptn"/>
</testsuite> <!-- objpckge.Stalelmntexcptn -->
