<?xml version="1.0" encoding="UTF-8"?>
<!-- Generated by org.testng.reporters.JUnitReportReporter -->
<testsuite skipped="0" hostname="LAPTOP-I4KMK004" name="objpckge.CreateContactTest" tests="1" failures="0" timestamp="27 Apr 2020 14:59:32 GMT" time="27.142" errors="0">
  <testcase name="createContactTest" time="27.142" classname="objpckge.CreateContactTest"/>
</testsuite> <!-- objpckge.CreateContactTest -->
