<?xml version="1.0" encoding="UTF-8"?>
<!-- Generated by org.testng.reporters.JUnitReportReporter -->
<testsuite skipped="0" hostname="LAPTOP-I4KMK004" name="com.Testscripts.ProductsTest" tests="1" failures="0" timestamp="29 Apr 2020 06:57:01 GMT" time="28.411" errors="0">
  <testcase name="productstest" time="28.411" classname="com.Testscripts.ProductsTest"/>
</testsuite> <!-- com.Testscripts.ProductsTest -->
