<?xml version="1.0" encoding="UTF-8"?>
<!-- Generated by org.testng.reporters.JUnitReportReporter -->
<testsuite skipped="0" hostname="LAPTOP-I4KMK004" name="com.Testscripts.CreateContactTest" tests="1" failures="0" timestamp="07 May 2020 12:55:34 GMT" time="69.897" errors="0">
  <testcase name="createContactTest" time="69.897" classname="com.Testscripts.CreateContactTest"/>
</testsuite> <!-- com.Testscripts.CreateContactTest -->
