<?xml version="1.0" encoding="UTF-8"?>
<!-- Generated by org.testng.reporters.JUnitReportReporter -->
<testsuite skipped="0" hostname="LAPTOP-I4KMK004" name="objpckge.ProductsTest" tests="1" failures="0" timestamp="27 Apr 2020 17:42:36 GMT" time="32.479" errors="0">
  <testcase name="productstest" time="32.479" classname="objpckge.ProductsTest"/>
</testsuite> <!-- objpckge.ProductsTest -->
