<?xml version="1.0" encoding="UTF-8"?>
<!-- Generated by org.testng.reporters.JUnitReportReporter -->
<testsuite skipped="0" hostname="LAPTOP-I4KMK004" name="com.Testscripts.CreateContactTest" tests="1" failures="0" timestamp="29 Apr 2020 06:57:01 GMT" time="56.640" errors="0">
  <testcase name="createContactTest" time="56.640" classname="com.Testscripts.CreateContactTest"/>
</testsuite> <!-- com.Testscripts.CreateContactTest -->
