<?xml version="1.0" encoding="UTF-8"?>
<!-- Generated by org.testng.reporters.JUnitReportReporter -->
<testsuite skipped="0" hostname="LAPTOP-I4KMK004" name="com.vTiger.Testscripts.createProductsTest" tests="1" failures="0" timestamp="23 Apr 2020 09:28:46 GMT" time="43.497" errors="0">
  <testcase name="createProduct" time="43.497" classname="com.vTiger.Testscripts.createProductsTest"/>
</testsuite> <!-- com.vTiger.Testscripts.createProductsTest -->
