<?xml version="1.0" encoding="UTF-8"?>
<!-- Generated by org.testng.reporters.JUnitReportReporter -->
<testsuite skipped="0" hostname="LAPTOP-I4KMK004" name="com.vTiger.Testscripts.createVendor" tests="1" failures="0" timestamp="23 Apr 2020 09:28:46 GMT" time="41.766" errors="0">
  <testcase name="createVendorTest" time="41.766" classname="com.vTiger.Testscripts.createVendor"/>
</testsuite> <!-- com.vTiger.Testscripts.createVendor -->
