<?xml version="1.0" encoding="UTF-8"?>
<!-- Generated by org.testng.reporters.JUnitReportReporter -->
<testsuite skipped="0" hostname="LAPTOP-I4KMK004" name="com.vTiger.Testscripts.createQuotesTest" tests="1" failures="0" timestamp="23 Apr 2020 09:28:46 GMT" time="98.118" errors="0">
  <testcase name="createQuotes" time="98.118" classname="com.vTiger.Testscripts.createQuotesTest"/>
</testsuite> <!-- com.vTiger.Testscripts.createQuotesTest -->
